Info: Starting: Create block symbol file (.bsf)
Info: qsys-generate C:\qsys_tutorial\nios_system.qsys --block-symbol-file --output-directory=C:\CSCI210\hw07 --family="Cyclone V" --part=5CEBA4F23C7
Progress: Loading qsys_tutorial/nios_system.qsys
Progress: Reading input file
Progress: Adding A [altera_avalon_pio 16.0]
Progress: Parameterizing module A
Progress: Adding LEDs [altera_avalon_pio 16.0]
Progress: Parameterizing module LEDs
Progress: Adding X [altera_avalon_pio 16.0]
Progress: Parameterizing module X
Progress: Adding clk_0 [clock_source 16.0]
Progress: Parameterizing module clk_0
Progress: Adding jtag_uart_0 [altera_avalon_jtag_uart 16.0]
Progress: Parameterizing module jtag_uart_0
Progress: Adding nios2_qsys_0 [altera_nios2_qsys 16.0]
Progress: Parameterizing module nios2_qsys_0
Progress: Adding onchip_memory2_0 [altera_avalon_onchip_memory2 16.0]
Progress: Parameterizing module onchip_memory2_0
Progress: Adding switches [altera_avalon_pio 16.0]
Progress: Parameterizing module switches
Progress: Building connections
Progress: Parameterizing connections
Progress: Validating
Progress: Done reading input file
Info: nios_system.jtag_uart_0: JTAG UART IP input clock need to be at least double (2x) the operating frequency of JTAG TCK on board
Warning: nios_system.nios2_qsys_0: Nios II Classic cores are no longer recommended for new projects
Info: nios_system.switches: PIO inputs are not hardwired in test bench. Undefined values will be read from PIO inputs during simulation.
Warning: nios_system.A: A.external_connection must be exported, or connected to a matching conduit.
Warning: nios_system.X: X.external_connection must be exported, or connected to a matching conduit.
Warning: nios_system.A: A.s1 must be connected to an Avalon-MM master
Warning: nios_system.X: X.s1 must be connected to an Avalon-MM master
Info: qsys-generate succeeded.
Info: Finished: Create block symbol file (.bsf)
Info: 
Info: Starting: Create HDL design files for synthesis
Info: qsys-generate C:\qsys_tutorial\nios_system.qsys --synthesis=VERILOG --output-directory=C:\CSCI210\hw07\synthesis --family="Cyclone V" --part=5CEBA4F23C7
Progress: Loading qsys_tutorial/nios_system.qsys
Progress: Reading input file
Progress: Adding A [altera_avalon_pio 16.0]
Progress: Parameterizing module A
Progress: Adding LEDs [altera_avalon_pio 16.0]
Progress: Parameterizing module LEDs
Progress: Adding X [altera_avalon_pio 16.0]
Progress: Parameterizing module X
Progress: Adding clk_0 [clock_source 16.0]
Progress: Parameterizing module clk_0
Progress: Adding jtag_uart_0 [altera_avalon_jtag_uart 16.0]
Progress: Parameterizing module jtag_uart_0
Progress: Adding nios2_qsys_0 [altera_nios2_qsys 16.0]
Progress: Parameterizing module nios2_qsys_0
Progress: Adding onchip_memory2_0 [altera_avalon_onchip_memory2 16.0]
Progress: Parameterizing module onchip_memory2_0
Progress: Adding switches [altera_avalon_pio 16.0]
Progress: Parameterizing module switches
Progress: Building connections
Progress: Parameterizing connections
Progress: Validating
Progress: Done reading input file
Info: nios_system.jtag_uart_0: JTAG UART IP input clock need to be at least double (2x) the operating frequency of JTAG TCK on board
Warning: nios_system.nios2_qsys_0: Nios II Classic cores are no longer recommended for new projects
Info: nios_system.switches: PIO inputs are not hardwired in test bench. Undefined values will be read from PIO inputs during simulation.
Warning: nios_system.A: A.external_connection must be exported, or connected to a matching conduit.
Warning: nios_system.X: X.external_connection must be exported, or connected to a matching conduit.
Warning: nios_system.A: A.s1 must be connected to an Avalon-MM master
Warning: nios_system.X: X.s1 must be connected to an Avalon-MM master
Info: nios_system: Generating nios_system "nios_system" for QUARTUS_SYNTH
Info: A: Starting RTL generation for module 'nios_system_A'
Info: A:   Generation command is [exec C:/altera_lite/16.0/quartus/bin64/perl/bin/perl.exe -I C:/altera_lite/16.0/quartus/bin64/perl/lib -I C:/altera_lite/16.0/quartus/sopc_builder/bin/europa -I C:/altera_lite/16.0/quartus/sopc_builder/bin/perl_lib -I C:/altera_lite/16.0/quartus/sopc_builder/bin -I C:/altera_lite/16.0/quartus/../ip/altera/sopc_builder_ip/common -I C:/altera_lite/16.0/quartus/../ip/altera/sopc_builder_ip/altera_avalon_pio -- C:/altera_lite/16.0/quartus/../ip/altera/sopc_builder_ip/altera_avalon_pio/generate_rtl.pl --name=nios_system_A --dir=C:/Users/Tyler/AppData/Local/Temp/alt7101_9150506464073433588.dir/0001_A_gen/ --quartus_dir=C:/altera_lite/16.0/quartus --verilog --config=C:/Users/Tyler/AppData/Local/Temp/alt7101_9150506464073433588.dir/0001_A_gen//nios_system_A_component_configuration.pl  --do_build_sim=0  ]
Info: A: Done RTL generation for module 'nios_system_A'
Info: A: "nios_system" instantiated altera_avalon_pio "A"
Info: X: Starting RTL generation for module 'nios_system_X'
Info: X:   Generation command is [exec C:/altera_lite/16.0/quartus/bin64/perl/bin/perl.exe -I C:/altera_lite/16.0/quartus/bin64/perl/lib -I C:/altera_lite/16.0/quartus/sopc_builder/bin/europa -I C:/altera_lite/16.0/quartus/sopc_builder/bin/perl_lib -I C:/altera_lite/16.0/quartus/sopc_builder/bin -I C:/altera_lite/16.0/quartus/../ip/altera/sopc_builder_ip/common -I C:/altera_lite/16.0/quartus/../ip/altera/sopc_builder_ip/altera_avalon_pio -- C:/altera_lite/16.0/quartus/../ip/altera/sopc_builder_ip/altera_avalon_pio/generate_rtl.pl --name=nios_system_X --dir=C:/Users/Tyler/AppData/Local/Temp/alt7101_9150506464073433588.dir/0002_X_gen/ --quartus_dir=C:/altera_lite/16.0/quartus --verilog --config=C:/Users/Tyler/AppData/Local/Temp/alt7101_9150506464073433588.dir/0002_X_gen//nios_system_X_component_configuration.pl  --do_build_sim=0  ]
Info: X: Done RTL generation for module 'nios_system_X'
Info: X: "nios_system" instantiated altera_avalon_pio "X"
Info: jtag_uart_0: Starting RTL generation for module 'nios_system_jtag_uart_0'
Info: jtag_uart_0:   Generation command is [exec C:/altera_lite/16.0/quartus/bin64/perl/bin/perl.exe -I C:/altera_lite/16.0/quartus/bin64/perl/lib -I C:/altera_lite/16.0/quartus/sopc_builder/bin/europa -I C:/altera_lite/16.0/quartus/sopc_builder/bin/perl_lib -I C:/altera_lite/16.0/quartus/sopc_builder/bin -I C:/altera_lite/16.0/quartus/../ip/altera/sopc_builder_ip/common -I C:/altera_lite/16.0/quartus/../ip/altera/sopc_builder_ip/altera_avalon_jtag_uart -- C:/altera_lite/16.0/quartus/../ip/altera/sopc_builder_ip/altera_avalon_jtag_uart/generate_rtl.pl --name=nios_system_jtag_uart_0 --dir=C:/Users/Tyler/AppData/Local/Temp/alt7101_9150506464073433588.dir/0003_jtag_uart_0_gen/ --quartus_dir=C:/altera_lite/16.0/quartus --verilog --config=C:/Users/Tyler/AppData/Local/Temp/alt7101_9150506464073433588.dir/0003_jtag_uart_0_gen//nios_system_jtag_uart_0_component_configuration.pl  --do_build_sim=0  ]
Info: jtag_uart_0: Done RTL generation for module 'nios_system_jtag_uart_0'
Info: jtag_uart_0: "nios_system" instantiated altera_avalon_jtag_uart "jtag_uart_0"
Info: nios2_qsys_0: Starting RTL generation for module 'nios_system_nios2_qsys_0'
Info: nios2_qsys_0:   Generation command is [exec C:/altera_lite/16.0/quartus/bin64/eperlcmd.exe -I C:/altera_lite/16.0/quartus/bin64/perl/lib -I C:/altera_lite/16.0/quartus/sopc_builder/bin/europa -I C:/altera_lite/16.0/quartus/sopc_builder/bin/perl_lib -I C:/altera_lite/16.0/quartus/sopc_builder/bin -I C:/altera_lite/16.0/quartus/../ip/altera/nios2_ip/altera_nios2/cpu_lib -I C:/altera_lite/16.0/quartus/../ip/altera/nios2_ip/altera_nios2/nios_lib -I C:/altera_lite/16.0/quartus/../ip/altera/nios2_ip/altera_nios2 -I C:/altera_lite/16.0/quartus/../ip/altera/nios2_ip/altera_nios2 -- C:/altera_lite/16.0/quartus/../ip/altera/nios2_ip/altera_nios2/generate_rtl.epl --name=nios_system_nios2_qsys_0 --dir=C:/Users/Tyler/AppData/Local/Temp/alt7101_9150506464073433588.dir/0004_nios2_qsys_0_gen/ --quartus_bindir=C:/altera_lite/16.0/quartus/bin64 --verilog --config=C:/Users/Tyler/AppData/Local/Temp/alt7101_9150506464073433588.dir/0004_nios2_qsys_0_gen//nios_system_nios2_qsys_0_processor_configuration.pl  --do_build_sim=0  ]
Info: nios2_qsys_0: # 2016.10.26 20:04:31 (*) Starting Nios II generation
Info: nios2_qsys_0: # 2016.10.26 20:04:31 (*)   Checking for plaintext license.
Info: nios2_qsys_0: # 2016.10.26 20:04:31 (*)   Couldn't query license setup in Quartus directory C:/altera_lite/16.0/quartus/bin64
Info: nios2_qsys_0: # 2016.10.26 20:04:31 (*)   Defaulting to contents of LM_LICENSE_FILE environment variable
Info: nios2_qsys_0: # 2016.10.26 20:04:31 (*)   LM_LICENSE_FILE environment variable is empty
Info: nios2_qsys_0: # 2016.10.26 20:04:31 (*)   Plaintext license not found.
Info: nios2_qsys_0: # 2016.10.26 20:04:31 (*)   No license required to generate encrypted Nios II/e.
Info: nios2_qsys_0: # 2016.10.26 20:04:31 (*)   Elaborating CPU configuration settings
Info: nios2_qsys_0: # 2016.10.26 20:04:31 (*)   Creating all objects for CPU
Info: nios2_qsys_0: # 2016.10.26 20:04:33 (*)   Generating RTL from CPU objects
Info: nios2_qsys_0: # 2016.10.26 20:04:33 (*)   Creating plain-text RTL
Info: nios2_qsys_0: # 2016.10.26 20:04:35 (*) Done Nios II generation
Info: nios2_qsys_0: Done RTL generation for module 'nios_system_nios2_qsys_0'
Info: nios2_qsys_0: "nios_system" instantiated altera_nios2_qsys "nios2_qsys_0"
Info: onchip_memory2_0: Starting RTL generation for module 'nios_system_onchip_memory2_0'
Info: onchip_memory2_0:   Generation command is [exec C:/altera_lite/16.0/quartus/bin64/perl/bin/perl.exe -I C:/altera_lite/16.0/quartus/bin64/perl/lib -I C:/altera_lite/16.0/quartus/sopc_builder/bin/europa -I C:/altera_lite/16.0/quartus/sopc_builder/bin/perl_lib -I C:/altera_lite/16.0/quartus/sopc_builder/bin -I C:/altera_lite/16.0/quartus/../ip/altera/sopc_builder_ip/common -I C:/altera_lite/16.0/quartus/../ip/altera/sopc_builder_ip/altera_avalon_onchip_memory2 -- C:/altera_lite/16.0/quartus/../ip/altera/sopc_builder_ip/altera_avalon_onchip_memory2/generate_rtl.pl --name=nios_system_onchip_memory2_0 --dir=C:/Users/Tyler/AppData/Local/Temp/alt7101_9150506464073433588.dir/0005_onchip_memory2_0_gen/ --quartus_dir=C:/altera_lite/16.0/quartus --verilog --config=C:/Users/Tyler/AppData/Local/Temp/alt7101_9150506464073433588.dir/0005_onchip_memory2_0_gen//nios_system_onchip_memory2_0_component_configuration.pl  --do_build_sim=0  ]
Info: onchip_memory2_0: Done RTL generation for module 'nios_system_onchip_memory2_0'
Info: onchip_memory2_0: "nios_system" instantiated altera_avalon_onchip_memory2 "onchip_memory2_0"
Info: switches: Starting RTL generation for module 'nios_system_switches'
Info: switches:   Generation command is [exec C:/altera_lite/16.0/quartus/bin64/perl/bin/perl.exe -I C:/altera_lite/16.0/quartus/bin64/perl/lib -I C:/altera_lite/16.0/quartus/sopc_builder/bin/europa -I C:/altera_lite/16.0/quartus/sopc_builder/bin/perl_lib -I C:/altera_lite/16.0/quartus/sopc_builder/bin -I C:/altera_lite/16.0/quartus/../ip/altera/sopc_builder_ip/common -I C:/altera_lite/16.0/quartus/../ip/altera/sopc_builder_ip/altera_avalon_pio -- C:/altera_lite/16.0/quartus/../ip/altera/sopc_builder_ip/altera_avalon_pio/generate_rtl.pl --name=nios_system_switches --dir=C:/Users/Tyler/AppData/Local/Temp/alt7101_9150506464073433588.dir/0006_switches_gen/ --quartus_dir=C:/altera_lite/16.0/quartus --verilog --config=C:/Users/Tyler/AppData/Local/Temp/alt7101_9150506464073433588.dir/0006_switches_gen//nios_system_switches_component_configuration.pl  --do_build_sim=0  ]
Info: switches: Done RTL generation for module 'nios_system_switches'
Info: switches: "nios_system" instantiated altera_avalon_pio "switches"
Info: avalon_st_adapter: Inserting error_adapter: error_adapter_0
Info: avalon_st_adapter_001: Inserting error_adapter: error_adapter_0
Info: avalon_st_adapter_002: Inserting error_adapter: error_adapter_0
Info: avalon_st_adapter_003: Inserting error_adapter: error_adapter_0
Info: avalon_st_adapter_004: Inserting error_adapter: error_adapter_0
Info: mm_interconnect_0: "nios_system" instantiated altera_mm_interconnect "mm_interconnect_0"
Info: irq_mapper: "nios_system" instantiated altera_irq_mapper "irq_mapper"
Info: rst_controller: "nios_system" instantiated altera_reset_controller "rst_controller"
Info: nios2_qsys_0_data_master_translator: "mm_interconnect_0" instantiated altera_merlin_master_translator "nios2_qsys_0_data_master_translator"
Info: jtag_uart_0_avalon_jtag_slave_translator: "mm_interconnect_0" instantiated altera_merlin_slave_translator "jtag_uart_0_avalon_jtag_slave_translator"
Info: nios2_qsys_0_data_master_agent: "mm_interconnect_0" instantiated altera_merlin_master_agent "nios2_qsys_0_data_master_agent"
Info: jtag_uart_0_avalon_jtag_slave_agent: "mm_interconnect_0" instantiated altera_merlin_slave_agent "jtag_uart_0_avalon_jtag_slave_agent"
Info: jtag_uart_0_avalon_jtag_slave_agent_rsp_fifo: "mm_interconnect_0" instantiated altera_avalon_sc_fifo "jtag_uart_0_avalon_jtag_slave_agent_rsp_fifo"
Info: router: "mm_interconnect_0" instantiated altera_merlin_router "router"
Info: router_001: "mm_interconnect_0" instantiated altera_merlin_router "router_001"
Info: router_002: "mm_interconnect_0" instantiated altera_merlin_router "router_002"
Info: router_003: "mm_interconnect_0" instantiated altera_merlin_router "router_003"
Info: cmd_demux: "mm_interconnect_0" instantiated altera_merlin_demultiplexer "cmd_demux"
Info: cmd_demux_001: "mm_interconnect_0" instantiated altera_merlin_demultiplexer "cmd_demux_001"
Info: cmd_mux: "mm_interconnect_0" instantiated altera_merlin_multiplexer "cmd_mux"
Info: cmd_mux_001: "mm_interconnect_0" instantiated altera_merlin_multiplexer "cmd_mux_001"
Info: Reusing file C:/CSCI210/hw07/synthesis/submodules/altera_merlin_arbitrator.sv
Info: rsp_demux: "mm_interconnect_0" instantiated altera_merlin_demultiplexer "rsp_demux"
Info: rsp_mux: "mm_interconnect_0" instantiated altera_merlin_multiplexer "rsp_mux"
Info: Reusing file C:/CSCI210/hw07/synthesis/submodules/altera_merlin_arbitrator.sv
Info: rsp_mux_001: "mm_interconnect_0" instantiated altera_merlin_multiplexer "rsp_mux_001"
Info: Reusing file C:/CSCI210/hw07/synthesis/submodules/altera_merlin_arbitrator.sv
Info: avalon_st_adapter: "mm_interconnect_0" instantiated altera_avalon_st_adapter "avalon_st_adapter"
Info: error_adapter_0: "avalon_st_adapter" instantiated error_adapter "error_adapter_0"
Info: nios_system: Done "nios_system" with 28 modules, 42 files
Info: qsys-generate succeeded.
Info: Finished: Create HDL design files for synthesis
